setting/build/intermediates/manifest_merge_blame_file/release/processReleaseMainManifest/manifest-merger-blame-release-report.txt
1<?xml version="1.0" encoding="utf-8"?>
2<manifest xmlns:android="http://schemas.android.com/apk/res/android"
3    xmlns:dist="http://schemas.android.com/apk/distribution"
4    featureSplit="setting"
5    package="com.example.capstoneandroidexpert"
6    android:versionCode="1"
7    android:versionName="1.0" >
8
9    <uses-sdk
9-->INJECTED
10        android:minSdkVersion="30"
10-->INJECTED
11        android:targetSdkVersion="36" />
11-->INJECTED
12
13    <dist:module
13-->src/main/AndroidManifest.xml:5:5-12:19
14        dist:instant="false"
14-->src/main/AndroidManifest.xml:6:9-29
15        dist:title="Setting" >
15-->src/main/AndroidManifest.xml:7:9-29
16        <dist:delivery>
16-->src/main/AndroidManifest.xml:8:9-10:25
17            <dist:install-time />
17-->src/main/AndroidManifest.xml:9:13-34
18        </dist:delivery>
19
20        <dist:fusing dist:include="true" />
20-->src/main/AndroidManifest.xml:11:9-44
20-->src/main/AndroidManifest.xml:11:22-41
21    </dist:module>
22
23    <application android:extractNativeLibs="false" />
23-->INJECTED
23-->INJECTED
24
25</manifest>